<?xml version="1.0" encoding="UTF-8"?>
<!-- Generated by org.testng.reporters.JUnitXMLReporter -->
<testsuite hostname="Hema" ignored="0" name="Default test" tests="10" failures="0" timestamp="01 Mar 2019 11:25:23 GMT" time="0.293" errors="0">
  <testcase name="test" time="0.041" classname="Selenium.Testngframework.InnovationCount"/>
  <testcase name="test" time="0.007" classname="Selenium.Testngframework.InnovationCount"/>
  <testcase name="test" time="0.013" classname="Selenium.Testngframework.InnovationCount"/>
  <testcase name="test" time="0.008" classname="Selenium.Testngframework.InnovationCount"/>
  <testcase name="test" time="0.006" classname="Selenium.Testngframework.InnovationCount"/>
  <testcase name="test" time="0.008" classname="Selenium.Testngframework.InnovationCount"/>
  <testcase name="test" time="0.005" classname="Selenium.Testngframework.InnovationCount"/>
  <testcase name="test" time="0.005" classname="Selenium.Testngframework.InnovationCount"/>
  <testcase name="test" time="0.004" classname="Selenium.Testngframework.InnovationCount"/>
  <testcase name="test" time="0.004" classname="Selenium.Testngframework.InnovationCount"/>
</testsuite> <!-- Default test -->
