<?xml version="1.0" encoding="UTF-8"?>
<!-- Generated by org.testng.reporters.JUnitXMLReporter -->
<testsuite hostname="Hema" ignored="0" name="Default test" tests="3" failures="0" timestamp="09 Mar 2019 06:26:55 GMT" time="40.976" errors="0">
  <testcase name="dataprovider" time="5.957" classname="DataDriven.Dataprovider"/>
  <testcase name="dataprovider" time="4.216" classname="DataDriven.Dataprovider"/>
  <testcase name="dataprovider" time="4.038" classname="DataDriven.Dataprovider"/>
</testsuite> <!-- Default test -->
