<?xml version="1.0" encoding="UTF-8"?>
<testng-results skipped="0" failed="0" ignored="0" total="3" passed="3">
  <reporter-output>
  </reporter-output>
  <suite name="Default suite" duration-ms="40976" started-at="2019-03-09T06:26:14Z" finished-at="2019-03-09T06:26:55Z">
    <groups>
    </groups>
    <test name="Default test" duration-ms="40976" started-at="2019-03-09T06:26:14Z" finished-at="2019-03-09T06:26:55Z">
      <class name="DataDriven.Dataprovider">
        <test-method status="PASS" signature="setup()[pri:0, instance:DataDriven.Dataprovider@5ca609]" name="setup" is-config="true" duration-ms="10940" started-at="2019-03-09T06:26:15Z" finished-at="2019-03-09T06:26:26Z">
          <reporter-output>
          </reporter-output>
        </test-method> <!-- setup -->
        <test-method status="PASS" signature="dataprovider(java.lang.String, java.lang.String, java.lang.String, java.lang.String)[pri:0, instance:DataDriven.Dataprovider@5ca609]" name="dataprovider" duration-ms="5957" started-at="2019-03-09T06:26:26Z" data-provider="gettestdata" finished-at="2019-03-09T06:26:32Z">
          <params>
            <param index="0">
              <value>
                <![CDATA[Hemalataha]]>
              </value>
            </param>
            <param index="1">
              <value>
                <![CDATA[Kalliappan]]>
              </value>
            </param>
            <param index="2">
              <value>
                <![CDATA[hema95sheelu@gmail.com]]>
              </value>
            </param>
            <param index="3">
              <value>
                <![CDATA[hema4christ]]>
              </value>
            </param>
          </params>
          <reporter-output>
          </reporter-output>
        </test-method> <!-- dataprovider -->
        <test-method status="PASS" signature="setup()[pri:0, instance:DataDriven.Dataprovider@5ca609]" name="setup" is-config="true" duration-ms="7035" started-at="2019-03-09T06:26:32Z" finished-at="2019-03-09T06:26:39Z">
          <reporter-output>
          </reporter-output>
        </test-method> <!-- setup -->
        <test-method status="PASS" signature="dataprovider(java.lang.String, java.lang.String, java.lang.String, java.lang.String)[pri:0, instance:DataDriven.Dataprovider@5ca609]" name="dataprovider" duration-ms="4216" started-at="2019-03-09T06:26:39Z" data-provider="gettestdata" finished-at="2019-03-09T06:26:43Z">
          <params>
            <param index="0">
              <value>
                <![CDATA[123456.0]]>
              </value>
            </param>
            <param index="1">
              <value>
                <![CDATA[Kalli]]>
              </value>
            </param>
            <param index="2">
              <value>
                <![CDATA[hema95sheelu@gmail.com]]>
              </value>
            </param>
            <param index="3">
              <value>
                <![CDATA[hema4christ]]>
              </value>
            </param>
          </params>
          <reporter-output>
          </reporter-output>
        </test-method> <!-- dataprovider -->
        <test-method status="PASS" signature="setup()[pri:0, instance:DataDriven.Dataprovider@5ca609]" name="setup" is-config="true" duration-ms="7834" started-at="2019-03-09T06:26:43Z" finished-at="2019-03-09T06:26:51Z">
          <reporter-output>
          </reporter-output>
        </test-method> <!-- setup -->
        <test-method status="PASS" signature="dataprovider(java.lang.String, java.lang.String, java.lang.String, java.lang.String)[pri:0, instance:DataDriven.Dataprovider@5ca609]" name="dataprovider" duration-ms="4038" started-at="2019-03-09T06:26:51Z" data-provider="gettestdata" finished-at="2019-03-09T06:26:55Z">
          <params>
            <param index="0">
              <value>
                <![CDATA[Sheelu]]>
              </value>
            </param>
            <param index="1">
              <value>
                <![CDATA[ma]]>
              </value>
            </param>
            <param index="2">
              <value>
                <![CDATA[hema95sheelu@gmail.com]]>
              </value>
            </param>
            <param index="3">
              <value>
                <![CDATA[hema4christ]]>
              </value>
            </param>
          </params>
          <reporter-output>
          </reporter-output>
        </test-method> <!-- dataprovider -->
      </class> <!-- DataDriven.Dataprovider -->
    </test> <!-- Default test -->
  </suite> <!-- Default suite -->
</testng-results>
