<?xml version="1.0" encoding="UTF-8"?>
<!-- Generated by org.testng.reporters.JUnitXMLReporter -->
<testsuite hostname="Hema" ignored="0" name="RegistrationPageRegressionTests" tests="13" failures="0" timestamp="02 Mar 2019 11:09:32 GMT" time="0.167" errors="0">
  <testcase name="test" time="0.01" classname="Selenium.Testngframework.InnovationCount"/>
  <testcase name="test" time="0.002" classname="Selenium.Testngframework.InnovationCount"/>
  <testcase name="test" time="0.014" classname="Selenium.Testngframework.InnovationCount"/>
  <testcase name="test" time="0.003" classname="Selenium.Testngframework.InnovationCount"/>
  <testcase name="test" time="0.002" classname="Selenium.Testngframework.InnovationCount"/>
  <testcase name="test" time="0.003" classname="Selenium.Testngframework.InnovationCount"/>
  <testcase name="test" time="0.003" classname="Selenium.Testngframework.InnovationCount"/>
  <testcase name="test" time="0.002" classname="Selenium.Testngframework.InnovationCount"/>
  <testcase name="test" time="0.002" classname="Selenium.Testngframework.InnovationCount"/>
  <testcase name="test" time="0.001" classname="Selenium.Testngframework.InnovationCount"/>
  <testcase name="gettitle" time="0.002" classname="Selenium.Testngframework.TestngAnnotations"/>
  <testcase name="newcompany" time="0.002" classname="Selenium.Testngframework.TestngAnnotations"/>
  <testcase name="loginurl" time="0.002" classname="Selenium.Testngframework.TestngFearture"/>
</testsuite> <!-- RegistrationPageRegressionTests -->
